Traceback (most recent call last):
  File "/opt/anaconda3/envs/jupyter_book_ml/lib/python3.9/site-packages/jupyter_cache/executors/utils.py", line 58, in single_nb_execution
    executenb(
  File "/opt/anaconda3/envs/jupyter_book_ml/lib/python3.9/site-packages/nbclient/client.py", line 1305, in execute
    return NotebookClient(nb=nb, resources=resources, km=km, **kwargs).execute()
  File "/opt/anaconda3/envs/jupyter_book_ml/lib/python3.9/site-packages/jupyter_core/utils/__init__.py", line 165, in wrapped
    return loop.run_until_complete(inner)
  File "/opt/anaconda3/envs/jupyter_book_ml/lib/python3.9/asyncio/base_events.py", line 647, in run_until_complete
    return future.result()
  File "/opt/anaconda3/envs/jupyter_book_ml/lib/python3.9/site-packages/nbclient/client.py", line 705, in async_execute
    await self.async_execute_cell(
  File "/opt/anaconda3/envs/jupyter_book_ml/lib/python3.9/site-packages/nbclient/client.py", line 1058, in async_execute_cell
    await self._check_raise_for_error(cell, cell_index, exec_reply)
  File "/opt/anaconda3/envs/jupyter_book_ml/lib/python3.9/site-packages/nbclient/client.py", line 914, in _check_raise_for_error
    raise CellExecutionError.from_cell_and_msg(cell, exec_reply_content)
nbclient.exceptions.CellExecutionError: An error occurred while executing the following cell:
------------------
# Wir laufen durch die Wochentage und die Stunden jeden Tages
# Der einfachheithalber tun wir dies nur für die Tage Montag und Dienstag

hours = np.arange(0, 24+1)
##array mit werten zw. anfang und ende --> 24 noch mit dabei 24+1
 
for day in weekdays[0:2]: ## nur MO und Di8 0. und 1. ELement
    for hour in hours:    ## 4 zeichen ein
        print('Es ist %s, %i Uhr' %(day,hour))## 4 zeichen rein 
------------------


[0;31m---------------------------------------------------------------------------[0m
[0;31mNameError[0m                                 Traceback (most recent call last)
Cell [0;32mIn[4], line 4[0m
[1;32m      1[0m [38;5;66;03m# Wir laufen durch die Wochentage und die Stunden jeden Tages[39;00m
[1;32m      2[0m [38;5;66;03m# Der einfachheithalber tun wir dies nur für die Tage Montag und Dienstag[39;00m
[0;32m----> 4[0m hours [38;5;241m=[39m [43mnp[49m[38;5;241m.[39marange([38;5;241m0[39m, [38;5;241m24[39m[38;5;241m+[39m[38;5;241m1[39m)
[1;32m      5[0m [38;5;66;03m##array mit werten zw. anfang und ende --> 24 noch mit dabei 24+1[39;00m
[1;32m      7[0m [38;5;28;01mfor[39;00m day [38;5;129;01min[39;00m weekdays[[38;5;241m0[39m:[38;5;241m2[39m]: [38;5;66;03m## nur MO und Di8 0. und 1. ELement[39;00m

[0;31mNameError[0m: name 'np' is not defined

